<?xml version="1.0" encoding="utf-8"?><testsuites name="pytest tests"><testsuite name="pytest" errors="0" failures="9" skipped="0" tests="44" time="75.394" timestamp="2026-06-27T10:58:15.400655+00:00" hostname="agent-env-bac87ba0-d766-443d-a224-95916431dc55"><testcase classname="tests.test_admin_seo_pdf.TestAdminEnquiries" name="test_list_no_auth[enquiries]" time="0.141" /><testcase classname="tests.test_admin_seo_pdf.TestAdminGenericCRUD" name="test_no_auth_list[categories-payload0]" time="0.211" /><testcase classname="tests.test_admin_seo_pdf.TestAdminEnquiries" name="test_list_no_auth[wholesale-enquiries]" time="0.144" /><testcase classname="tests.test_admin_seo_pdf.TestAdminGenericCRUD" name="test_no_auth_list[collections-payload1]" time="0.097" /><testcase classname="tests.test_admin_seo_pdf.TestAdminEnquiries" name="test_list_no_auth[dealer-applications]" time="0.095" /><testcase classname="tests.test_admin_seo_pdf.TestAdminGenericCRUD" name="test_no_auth_list[blogs-payload2]" time="0.134" /><testcase classname="tests.test_admin_seo_pdf.TestAdminEnquiries" name="test_list_no_auth[callback-requests]" time="0.138" /><testcase classname="tests.test_admin_seo_pdf.TestAdminGenericCRUD" name="test_no_auth_list[testimonials-payload3]" time="0.094" /><testcase classname="tests.test_admin_seo_pdf.TestAdminEnquiries" name="test_list_no_auth[newsletter]" time="0.097" /><testcase classname="tests.test_admin_seo_pdf.TestAdminGenericCRUD" name="test_no_auth_list[faqs-payload4]" time="0.132" /><testcase classname="tests.test_admin_seo_pdf.TestAdminGenericCRUD" name="test_no_auth_list[gallery-payload5]" time="0.273" /><testcase classname="tests.test_admin_seo_pdf.TestAdminEnquiries" name="test_list_with_auth[enquiries]" time="0.646" /><testcase classname="tests.test_admin_seo_pdf.TestAdminGenericCRUD" name="test_create_update_delete[categories-payload0]" time="0.412"><failure message="AssertionError: categories create: 422 {&quot;detail&quot;:[{&quot;type&quot;:&quot;missing&quot;,&quot;loc&quot;:[&quot;query&quot;,&quot;payload&quot;],&quot;msg&quot;:&quot;Field required&quot;,&quot;input&quot;:null,&quot;url&quot;:&quot;https://errors.pydantic.dev/2.13/v/missing&quot;}]}&#10;assert 422 in (200, 201)&#10; +  where 422 = &lt;Response [422]&gt;.status_code">E   AssertionError: categories create: 422 {"detail":[{"type":"missing","loc":["query","payload"],"msg":"Field required","input":null,"url":"https://errors.pydantic.dev/2.13/v/missing"}]}
    assert 422 in (200, 201)
     +  where 422 = &lt;Response [422]&gt;.status_code</failure></testcase><testcase classname="tests.test_admin_seo_pdf.TestAdminEnquiries" name="test_list_with_auth[wholesale-enquiries]" time="0.150" /><testcase classname="tests.test_admin_seo_pdf.TestAdminGenericCRUD" name="test_create_update_delete[collections-payload1]" time="0.131"><failure message="AssertionError: collections create: 422 {&quot;detail&quot;:[{&quot;type&quot;:&quot;missing&quot;,&quot;loc&quot;:[&quot;query&quot;,&quot;payload&quot;],&quot;msg&quot;:&quot;Field required&quot;,&quot;input&quot;:null,&quot;url&quot;:&quot;https://errors.pydantic.dev/2.13/v/missing&quot;}]}&#10;assert 422 in (200, 201)&#10; +  where 422 = &lt;Response [422]&gt;.status_code">E   AssertionError: collections create: 422 {"detail":[{"type":"missing","loc":["query","payload"],"msg":"Field required","input":null,"url":"https://errors.pydantic.dev/2.13/v/missing"}]}
    assert 422 in (200, 201)
     +  where 422 = &lt;Response [422]&gt;.status_code</failure></testcase><testcase classname="tests.test_admin_seo_pdf.TestAdminEnquiries" name="test_list_with_auth[dealer-applications]" time="0.118" /><testcase classname="tests.test_admin_seo_pdf.TestAdminGenericCRUD" name="test_create_update_delete[blogs-payload2]" time="0.103"><failure message="AssertionError: blogs create: 422 {&quot;detail&quot;:[{&quot;type&quot;:&quot;missing&quot;,&quot;loc&quot;:[&quot;query&quot;,&quot;payload&quot;],&quot;msg&quot;:&quot;Field required&quot;,&quot;input&quot;:null,&quot;url&quot;:&quot;https://errors.pydantic.dev/2.13/v/missing&quot;}]}&#10;assert 422 in (200, 201)&#10; +  where 422 = &lt;Response [422]&gt;.status_code">E   AssertionError: blogs create: 422 {"detail":[{"type":"missing","loc":["query","payload"],"msg":"Field required","input":null,"url":"https://errors.pydantic.dev/2.13/v/missing"}]}
    assert 422 in (200, 201)
     +  where 422 = &lt;Response [422]&gt;.status_code</failure></testcase><testcase classname="tests.test_admin_seo_pdf.TestAdminEnquiries" name="test_list_with_auth[callback-requests]" time="0.135" /><testcase classname="tests.test_admin_seo_pdf.TestAdminGenericCRUD" name="test_create_update_delete[testimonials-payload3]" time="0.096"><failure message="AssertionError: testimonials create: 422 {&quot;detail&quot;:[{&quot;type&quot;:&quot;missing&quot;,&quot;loc&quot;:[&quot;query&quot;,&quot;payload&quot;],&quot;msg&quot;:&quot;Field required&quot;,&quot;input&quot;:null,&quot;url&quot;:&quot;https://errors.pydantic.dev/2.13/v/missing&quot;}]}&#10;assert 422 in (200, 201)&#10; +  where 422 = &lt;Response [422]&gt;.status_code">E   AssertionError: testimonials create: 422 {"detail":[{"type":"missing","loc":["query","payload"],"msg":"Field required","input":null,"url":"https://errors.pydantic.dev/2.13/v/missing"}]}
    assert 422 in (200, 201)
     +  where 422 = &lt;Response [422]&gt;.status_code</failure></testcase><testcase classname="tests.test_admin_seo_pdf.TestAdminEnquiries" name="test_list_with_auth[newsletter]" time="0.094" /><testcase classname="tests.test_admin_seo_pdf.TestAdminGenericCRUD" name="test_create_update_delete[faqs-payload4]" time="0.096"><failure message="AssertionError: faqs create: 422 {&quot;detail&quot;:[{&quot;type&quot;:&quot;missing&quot;,&quot;loc&quot;:[&quot;query&quot;,&quot;payload&quot;],&quot;msg&quot;:&quot;Field required&quot;,&quot;input&quot;:null,&quot;url&quot;:&quot;https://errors.pydantic.dev/2.13/v/missing&quot;}]}&#10;assert 422 in (200, 201)&#10; +  where 422 = &lt;Response [422]&gt;.status_code">E   AssertionError: faqs create: 422 {"detail":[{"type":"missing","loc":["query","payload"],"msg":"Field required","input":null,"url":"https://errors.pydantic.dev/2.13/v/missing"}]}
    assert 422 in (200, 201)
     +  where 422 = &lt;Response [422]&gt;.status_code</failure></testcase><testcase classname="tests.test_admin_seo_pdf.TestAdminEnquiries" name="test_status_update_flow" time="0.307" /><testcase classname="tests.test_admin_seo_pdf.TestAdminGenericCRUD" name="test_create_update_delete[gallery-payload5]" time="0.137"><failure message="AssertionError: gallery create: 422 {&quot;detail&quot;:[{&quot;type&quot;:&quot;missing&quot;,&quot;loc&quot;:[&quot;query&quot;,&quot;payload&quot;],&quot;msg&quot;:&quot;Field required&quot;,&quot;input&quot;:null,&quot;url&quot;:&quot;https://errors.pydantic.dev/2.13/v/missing&quot;}]}&#10;assert 422 in (200, 201)&#10; +  where 422 = &lt;Response [422]&gt;.status_code">E   AssertionError: gallery create: 422 {"detail":[{"type":"missing","loc":["query","payload"],"msg":"Field required","input":null,"url":"https://errors.pydantic.dev/2.13/v/missing"}]}
    assert 422 in (200, 201)
     +  where 422 = &lt;Response [422]&gt;.status_code</failure></testcase><testcase classname="tests.test_admin_seo_pdf.TestAdminProductCRUD" name="test_create_no_auth" time="0.098" /><testcase classname="tests.test_admin_seo_pdf.TestAdminProductCRUD" name="test_full_cycle" time="0.857" /><testcase classname="tests.test_admin_seo_pdf.TestAdminAuth" name="test_login_wrong_password" time="0.333" /><testcase classname="tests.test_admin_seo_pdf.TestAdminAuth" name="test_login_success" time="0.000" /><testcase classname="tests.test_admin_seo_pdf.TestAdminAuth" name="test_me_no_auth" time="0.095" /><testcase classname="tests.test_admin_seo_pdf.TestAdminAuth" name="test_me_with_token" time="0.097" /><testcase classname="tests.test_admin_seo_pdf.TestAdminAuth" name="test_me_bad_token" time="0.100" /><testcase classname="tests.test_admin_seo_pdf.TestAdminBanner" name="test_get_banner_public" time="0.098" /><testcase classname="tests.test_admin_seo_pdf.TestAdminBanner" name="test_put_banner_no_auth" time="0.135" /><testcase classname="tests.test_admin_seo_pdf.TestAdminProductCRUD" name="test_update_no_auth" time="0.097" /><testcase classname="tests.test_admin_seo_pdf.TestAdminBanner" name="test_put_banner_with_auth" time="0.207" /><testcase classname="tests.test_admin_seo_pdf.TestAdminProductCRUD" name="test_delete_no_auth" time="0.098" /><testcase classname="tests.test_admin_seo_pdf.TestProductsByIds" name="test_by_ids_order_preserved" time="0.188" /><testcase classname="tests.test_admin_seo_pdf.TestAdminAnalytics" name="test_analytics" time="0.122" /><testcase classname="tests.test_admin_seo_pdf.TestAdminAnalytics" name="test_analytics_requires_auth" time="0.166" /><testcase classname="tests.test_admin_seo_pdf.TestProductsByIds" name="test_by_ids_empty" time="0.098" /><testcase classname="tests.test_admin_seo_pdf.TestPDFs" name="test_catalogue_pdf" time="60.092"><failure message="assert 502 == 200&#10; +  where 502 = &lt;Response [502]&gt;.status_code">E   assert 502 == 200
     +  where 502 = &lt;Response [502]&gt;.status_code</failure></testcase><testcase classname="tests.test_admin_seo_pdf.TestSEO" name="test_sitemap_xml" time="0.096"><failure message="AssertionError: assert 'xml' in 'text/html; charset=utf-8'&#10; +  where 'text/html; charset=utf-8' = &lt;built-in method lower of str object at 0xf9174f665b60&gt;()&#10; +    where &lt;built-in method lower of str object at 0xf9174f665b60&gt; = 'text/html; charset=utf-8'.lower">E   AssertionError: assert 'xml' in 'text/html; charset=utf-8'
     +  where 'text/html; charset=utf-8' = &lt;built-in method lower of str object at 0xf9174f665b60&gt;()
     +    where &lt;built-in method lower of str object at 0xf9174f665b60&gt; = 'text/html; charset=utf-8'.lower</failure></testcase><testcase classname="tests.test_admin_seo_pdf.TestSEO" name="test_robots_txt" time="0.096"><failure message="assert '/admin' in '# As a condition of accessing this website, you agree to abide by the following\n# content signals:\n\n# (a)  If a Content-Signal = yes, you may collect content for the corresponding\n#      use.\n# (b)  If a Content-Signal = no, you may not collect content for the\n#      corresponding use.\n# (c)  If the website operator does not include a Content-Signal for a\n#      corresponding use, the website operator neither grants nor restricts\n#      permission via Content-Signal with respect to the corresponding use.\n\n# The content signals and their meanings are:\n\n# search:   building a search index and providing search results (e.g., returning\n#           hyperlinks and short excerpts from your website\'s contents). Search does not\n#           include providing AI-generated search summaries.\n# ai-input: inputting content into one or more AI models (e.g., retrieval\n#           augmented generation, grounding, or other real-time taking of content for\n#           generative AI search answers).\n# ai-train: training or fine-tuning AI models.\n\n# ANY RESTRICTIONS EXPRESSED VIA CONTENT SIGNALS ARE EXPRESS RESERVATIONS OF\n# RIGHTS UNDER ARTICLE 4 OF THE EUROPEAN UNION DIRECTIVE... reloadFeatureFlags updateEarlyAccessFeatureEnrollment getEarlyAccessFeatures on onFeatureFlags onSurveysLoaded onSessionId getSurveys getActiveMatchingSurveys renderSurvey canRenderSurvey canRenderSurveyAsync identify setPersonProperties group resetGroups setPersonPropertiesForFlags resetPersonPropertiesForFlags setGroupPropertiesForFlags resetGroupPropertiesForFlags reset get_distinct_id getGroups get_session_id get_session_replay_url alias set_config startSessionRecording stopSessionRecording sessionRecordingStarted captureException loadToolbar get_property getSessionProperty Es $s createPersonProfile Is opt_in_capturing opt_out_capturing has_opted_in_capturing has_opted_out_capturing clear_opt_in_out_capturing Ss debug xs getPageViewId captureTraceFeedback captureTraceMetric&quot;.split(&quot; &quot;), n = 0; n &lt; o.length; n++) g(u, o[n]); e._i.push([i, s, a]); }), (e.__SV = 1)); })(document, window.posthog || []);\n            posthog.init(&quot;phc_xAvL2Iq4tFmANRE7kzbKwaSqp1HJjN7x48s3vr0CMjs&quot;, { api_host: &quot;https://us.i.posthog.com&quot;, person_profiles: &quot;identified_only&quot;, session_recording: { recordCrossOriginIframes: true, capturePerformance: false } });\n        &lt;/script&gt;\n    &lt;/body&gt;\n&lt;/html&gt;\n'">E   assert '/admin' in '# As a condition of accessing this website, you agree to abide by the following\n# content signals:\n\n# (a)  If a Content-Signal = yes, you may collect content for the corresponding\n#      use.\n# (b)  If a Content-Signal = no, you may not collect content for the\n#      corresponding use.\n# (c)  If the website operator does not include a Content-Signal for a\n#      corresponding use, the website operator neither grants nor restricts\n#      permission via Content-Signal with respect to the corresponding use.\n\n# The content signals and their meanings are:\n\n# search:   building a search index and providing search results (e.g., returning\n#           hyperlinks and short excerpts from your website\'s contents). Search does not\n#           include providing AI-generated search summaries.\n# ai-input: inputting content into one or more AI models (e.g., retrieval\n#           augmented generation, grounding, or other real-time taking of content for\n#           generative AI search answers).\n# ai-train: training or fine-tuning AI models.\n\n# ANY RESTRICTIONS EXPRESSED VIA CONTENT SIGNALS ARE EXPRESS RESERVATIONS OF\n# RIGHTS UNDER ARTICLE 4 OF THE EUROPEAN UNION DIRECTIVE... reloadFeatureFlags updateEarlyAccessFeatureEnrollment getEarlyAccessFeatures on onFeatureFlags onSurveysLoaded onSessionId getSurveys getActiveMatchingSurveys renderSurvey canRenderSurvey canRenderSurveyAsync identify setPersonProperties group resetGroups setPersonPropertiesForFlags resetPersonPropertiesForFlags setGroupPropertiesForFlags resetGroupPropertiesForFlags reset get_distinct_id getGroups get_session_id get_session_replay_url alias set_config startSessionRecording stopSessionRecording sessionRecordingStarted captureException loadToolbar get_property getSessionProperty Es $s createPersonProfile Is opt_in_capturing opt_out_capturing has_opted_in_capturing has_opted_out_capturing clear_opt_in_out_capturing Ss debug xs getPageViewId captureTraceFeedback captureTraceMetric".split(" "), n = 0; n &lt; o.length; n++) g(u, o[n]); e._i.push([i, s, a]); }), (e.__SV = 1)); })(document, window.posthog || []);\n            posthog.init("phc_xAvL2Iq4tFmANRE7kzbKwaSqp1HJjN7x48s3vr0CMjs", { api_host: "https://us.i.posthog.com", person_profiles: "identified_only", session_recording: { recordCrossOriginIframes: true, capturePerformance: false } });\n        &lt;/script&gt;\n    &lt;/body&gt;\n&lt;/html&gt;\n'</failure></testcase><testcase classname="tests.test_admin_seo_pdf.TestPDFs" name="test_product_pdf" time="11.455" /><testcase classname="tests.test_admin_seo_pdf.TestCatalogueSize" name="test_products_count" time="0.118" /></testsuite></testsuites>