<?xml version="1.0" encoding="utf-8"?><testsuites name="pytest tests"><testsuite name="pytest" errors="0" failures="0" skipped="0" tests="31" time="1.838" timestamp="2026-06-27T10:29:55.953956+00:00" hostname="agent-env-bac87ba0-d766-443d-a224-95916431dc55"><testcase classname="tests.test_wodmin_api.TestProducts" name="test_list_products_paginated" time="0.158" /><testcase classname="tests.test_wodmin_api.TestEnquiries" name="test_create_enquiry" time="0.244" /><testcase classname="tests.test_wodmin_api.TestProducts" name="test_filter_by_category" time="0.093" /><testcase classname="tests.test_wodmin_api.TestEnquiries" name="test_enquiry_missing_required" time="0.081" /><testcase classname="tests.test_wodmin_api.TestProducts" name="test_search_query" time="0.045" /><testcase classname="tests.test_wodmin_api.TestProducts" name="test_price_filter" time="0.050" /><testcase classname="tests.test_wodmin_api.TestEnquiries" name="test_wholesale_enquiry" time="0.105" /><testcase classname="tests.test_wodmin_api.TestProducts" name="test_best_seller_filter" time="0.045" /><testcase classname="tests.test_wodmin_api.TestProducts" name="test_sort_price_asc" time="0.047" /><testcase classname="tests.test_wodmin_api.TestEnquiries" name="test_wholesale_missing_required" time="0.083" /><testcase classname="tests.test_wodmin_api.TestProducts" name="test_sort_price_desc" time="0.044" /><testcase classname="tests.test_wodmin_api.TestProducts" name="test_sort_newest" time="0.043" /><testcase classname="tests.test_wodmin_api.TestEnquiries" name="test_dealer_application" time="0.109" /><testcase classname="tests.test_wodmin_api.TestProducts" name="test_featured" time="0.047" /><testcase classname="tests.test_wodmin_api.TestProducts" name="test_get_product_detail" time="0.090" /><testcase classname="tests.test_wodmin_api.TestEnquiries" name="test_dealer_missing_required" time="0.040" /><testcase classname="tests.test_wodmin_api.TestEnquiries" name="test_callback" time="0.110" /><testcase classname="tests.test_wodmin_api.TestProducts" name="test_product_detail_404" time="0.046" /><testcase classname="tests.test_wodmin_api.TestCategories" name="test_list_categories" time="0.044" /><testcase classname="tests.test_wodmin_api.TestCategories" name="test_get_category_by_slug" time="0.093" /><testcase classname="tests.test_wodmin_api.TestEnquiries" name="test_newsletter_subscribe" time="0.147" /><testcase classname="tests.test_wodmin_api.TestCategories" name="test_get_category_404" time="0.087" /><testcase classname="tests.test_wodmin_api.TestBlogs" name="test_list_blogs" time="0.044" /><testcase classname="tests.test_wodmin_api.TestCollections" name="test_list_collections" time="0.046" /><testcase classname="tests.test_wodmin_api.TestBlogs" name="test_blog_detail" time="0.089" /><testcase classname="tests.test_wodmin_api.TestCollections" name="test_get_collection_by_slug" time="0.086" /><testcase classname="tests.test_wodmin_api.TestBlogs" name="test_blog_category_filter" time="0.085" /><testcase classname="tests.test_wodmin_api.TestFilters" name="test_filters" time="0.048" /><testcase classname="tests.test_wodmin_api.TestFaqs" name="test_faqs" time="0.048" /><testcase classname="tests.test_wodmin_api.TestTestimonials" name="test_testimonials" time="0.042" /><testcase classname="tests.test_wodmin_api.TestGallery" name="test_gallery" time="0.042" /></testsuite></testsuites>